build/outputs/logs/manifest-merger-debug-report.txt
-- Merging decision tree log ---
manifest
ADDED from testApp\AndroidManifest.xml:2:1-36:12
	package
		ADDED from testApp\AndroidManifest.xml:3:5-23
	android:versionName
		ADDED from testApp\AndroidManifest.xml:5:5-30
		INJECTED from testApp\AndroidManifest.xml
		INJECTED from testApp\AndroidManifest.xml
	android:versionCode
		ADDED from testApp\AndroidManifest.xml:4:5-28
		INJECTED from testApp\AndroidManifest.xml
		INJECTED from testApp\AndroidManifest.xml
	xmlns:android
		ADDED from testApp\AndroidManifest.xml:2:11-69
uses-permission#android.permission.INTERNET
ADDED from testApp\AndroidManifest.xml:6:2-7:50
	android:name
		ADDED from testApp\AndroidManifest.xml:7:6-48
uses-permission#android.permission.ACCESS_WIFI_STATE
ADDED from testApp\AndroidManifest.xml:8:2-9:59
	android:name
		ADDED from testApp\AndroidManifest.xml:9:6-57
uses-permission#android.permission.CHANGE_WIFI_STATE
ADDED from testApp\AndroidManifest.xml:10:2-11:59
	android:name
		ADDED from testApp\AndroidManifest.xml:11:6-57
uses-permission#android.permission.WAKE_LOCK
ADDED from testApp\AndroidManifest.xml:12:2-13:51
	android:name
		ADDED from testApp\AndroidManifest.xml:13:6-49
uses-permission#android.permission.READ_PHONE_STATE
ADDED from testApp\AndroidManifest.xml:14:2-15:58
	android:name
		ADDED from testApp\AndroidManifest.xml:15:6-56
uses-sdk
ADDED from testApp\AndroidManifest.xml:16:5-18:41
	android:targetSdkVersion
		ADDED from testApp\AndroidManifest.xml:18:9-38
	android:minSdkVersion
		ADDED from testApp\AndroidManifest.xml:17:9-35
application
ADDED from testApp\AndroidManifest.xml:20:5-34:19
	android:label
		ADDED from testApp\AndroidManifest.xml:24:9-41
	android:allowBackup
		ADDED from testApp\AndroidManifest.xml:22:9-35
	android:icon
		ADDED from testApp\AndroidManifest.xml:23:9-45
	android:theme
		ADDED from testApp\AndroidManifest.xml:25:9-40
	android:name
		ADDED from testApp\AndroidManifest.xml:21:9-49
activity#com.test.UI.LaunchActivity
ADDED from testApp\AndroidManifest.xml:26:9-33:20
	android:name
		ADDED from testApp\AndroidManifest.xml:27:13-54
intent-filter#android.intent.action.MAIN+android.intent.category.LAUNCHER
ADDED from testApp\AndroidManifest.xml:28:13-32:29
action#android.intent.action.MAIN
ADDED from testApp\AndroidManifest.xml:29:17-69
	android:name
		ADDED from testApp\AndroidManifest.xml:29:25-66
category#android.intent.category.LAUNCHER
ADDED from testApp\AndroidManifest.xml:31:17-77
	android:name
		ADDED from testApp\AndroidManifest.xml:31:27-74